time=2025-10-12T17:09:41.954+07:00 level=INFO msg="Создаю новый echo-сервер"
time=2025-10-12T17:09:41.954+07:00 level=INFO msg="Начинаю запуск приложения" address=localhost:8080
time=2025-10-12T17:09:46.231+07:00 level=INFO msg="Файл найден" filename=10.csv
time=2025-10-12T17:09:46.231+07:00 level=INFO msg="начинаю читать файл" filename=./schedules/10.csv
time=2025-10-12T17:09:46.232+07:00 level=INFO msg="Расписание за месяц получено" http=200
time=2025-10-12T17:11:52.612+07:00 level=INFO msg="Создаю новый echo-сервер"
time=2025-10-12T17:11:52.613+07:00 level=INFO msg="Начинаю запуск приложения" address=localhost:8080
time=2025-10-12T17:11:55.362+07:00 level=INFO msg="Файл найден" filename=10.csv
time=2025-10-12T17:11:55.362+07:00 level=INFO msg="начинаю читать файл" filename=./schedules/10.csv
time=2025-10-12T17:11:55.362+07:00 level=INFO msg="Расписание за месяц получено" http=200
time=2025-10-12T17:11:58.629+07:00 level=INFO msg="Файл найден" filename=10.csv
time=2025-10-12T17:11:58.629+07:00 level=INFO msg="получаю расписание за месяц для дальнейшей обработки..."
time=2025-10-12T17:11:58.630+07:00 level=INFO msg="начинаю читать файл" filename=./schedules/10.csv
time=2025-10-12T17:11:58.630+07:00 level=INFO msg="начинаю перебор расписания на получения расписания текущего дня"
time=2025-10-12T17:11:58.630+07:00 level=INFO msg="расписание на текущий день найдено" day=12
time=2025-10-12T17:11:58.630+07:00 level=INFO msg="Расписание на текущий день получено" http=200
time=2025-10-12T17:12:02.593+07:00 level=INFO msg="Файл найден" filename=10.csv
time=2025-10-12T17:12:02.593+07:00 level=INFO msg="получаю расписание за месяц для дальнейшей обработки..."
time=2025-10-12T17:12:02.593+07:00 level=INFO msg="начинаю читать файл" filename=./schedules/10.csv
time=2025-10-12T17:12:02.593+07:00 level=INFO msg="начинаю перебор расписания на получения расписания текущего дня"
time=2025-10-12T17:12:02.593+07:00 level=INFO msg="расписание на текущий день найдено" day=12
time=2025-10-12T17:12:02.593+07:00 level=INFO msg="Расписание на текущий день получено" http=200
time=2025-10-12T17:12:12.813+07:00 level=INFO msg="Файл найден" filename=10.csv
time=2025-10-12T17:12:12.814+07:00 level=INFO msg="начинаю читать файл" filename=./schedules/10.csv
time=2025-10-12T17:12:12.814+07:00 level=INFO msg="Расписание за месяц получено" http=200
time=2025-10-12T17:12:17.953+07:00 level=INFO msg="Файл найден" filename=10.csv
time=2025-10-12T17:12:17.953+07:00 level=INFO msg="получаю расписание за месяц для дальнейшей обработки..."
time=2025-10-12T17:12:17.953+07:00 level=INFO msg="начинаю читать файл" filename=./schedules/10.csv
time=2025-10-12T17:12:17.953+07:00 level=INFO msg="начинаю перебор расписания на получения расписания текущего дня"
time=2025-10-12T17:12:17.953+07:00 level=INFO msg="расписание на текущий день найдено" day=12
time=2025-10-12T17:12:17.953+07:00 level=INFO msg="Расписание на текущий день получено" http=200
